\BOOKMARK [1][-]{section.1}{\376\377\000E\000i\000n\000l\000e\000i\000t\000u\000n\000g}{}% 1
\BOOKMARK [1][-]{section.2}{\376\377\000S\000o\000f\000t\000w\000a\000r\000e\000e\000n\000t\000w\000i\000c\000k\000l\000u\000n\000g}{}% 2
\BOOKMARK [2][-]{subsection.2.1}{\376\377\000A\000n\000f\000o\000r\000d\000e\000r\000u\000n\000g\000s\000a\000n\000a\000l\000y\000s\000e}{section.2}% 3
\BOOKMARK [3][-]{subsubsection.2.1.1}{\376\377\000A\000n\000f\000o\000r\000d\000e\000r\000u\000n\000g\000s\000t\000y\000p\000e\000n}{subsection.2.1}% 4
\BOOKMARK [2][-]{subsection.2.2}{\376\377\000P\000r\000o\000t\000o\000t\000y\000p\000i\000n\000g}{section.2}% 5
\BOOKMARK [3][-]{subsubsection.2.2.1}{\376\377\000G\000U\000I\000-\000T\000e\000s\000t\000s}{subsection.2.2}% 6
\BOOKMARK [2][-]{subsection.2.3}{\376\377\000I\000m\000p\000l\000e\000m\000e\000n\000t\000i\000e\000r\000u\000n\000g}{section.2}% 7
\BOOKMARK [2][-]{subsection.2.4}{\376\377\000T\000e\000s\000t\000s}{section.2}% 8
\BOOKMARK [2][-]{subsection.2.5}{\376\377\000O\000b\000j\000e\000k\000t\000o\000r\000i\000e\000n\000t\000i\000e\000r\000t\000e\000\040\000P\000r\000o\000g\000r\000a\000m\000m\000i\000e\000r\000u\000n\000g}{section.2}% 9
\BOOKMARK [2][-]{subsection.2.6}{\376\377\000C\000l\000e\000a\000n\000-\000C\000o\000d\000e}{section.2}% 10
\BOOKMARK [1][-]{section.3}{\376\377\000P\000a\000r\000a\000m\000e\000t\000e\000r\000t\000a\000b\000e\000l\000l\000e\000n\000k\000o\000n\000f\000i\000g\000u\000r\000a\000t\000o\000r}{}% 11
\BOOKMARK [2][-]{subsection.3.1}{\376\377\000P\000r\000o\000b\000l\000e\000m\000s\000t\000e\000l\000l\000u\000n\000g}{section.3}% 12
\BOOKMARK [2][-]{subsection.3.2}{\376\377\000A\000n\000f\000o\000r\000d\000e\000r\000u\000n\000g\000e\000n}{section.3}% 13
\BOOKMARK [2][-]{subsection.3.3}{\376\377\000E\000n\000t\000w\000u\000r\000f\000\040\000B\000e\000n\000u\000t\000z\000e\000r\000o\000b\000e\000r\000f\000l\000\344\000c\000h\000e}{section.3}% 14
\BOOKMARK [2][-]{subsection.3.4}{\376\377\000P\000r\000o\000g\000r\000a\000m\000m\000i\000e\000r\000u\000n\000g}{section.3}% 15
\BOOKMARK [3][-]{subsubsection.3.4.1}{\376\377\000T\000e\000c\000h\000n\000o\000l\000o\000g\000i\000e\000n}{subsection.3.4}% 16
\BOOKMARK [3][-]{subsubsection.3.4.2}{\376\377\000S\000o\000f\000t\000w\000a\000r\000e\000-\000S\000t\000r\000u\000k\000t\000u\000r}{subsection.3.4}% 17
\BOOKMARK [3][-]{subsubsection.3.4.3}{\376\377\000V\000e\000r\000a\000r\000b\000e\000i\000t\000e\000n\000\040\000v\000o\000n\000\040\000B\000e\000n\000u\000t\000z\000e\000r\000a\000k\000t\000i\000o\000n\000e\000n}{subsection.3.4}% 18
\BOOKMARK [3][-]{subsubsection.3.4.4}{\376\377\000H\000e\000r\000a\000u\000s\000f\000o\000r\000d\000e\000r\000u\000n\000g\000e\000n\000\040\000u\000n\000d\000\040\000L\000\366\000s\000u\000n\000g\000e\000n}{subsection.3.4}% 19
\BOOKMARK [2][-]{subsection.3.5}{\376\377\000T\000e\000s\000t\000s}{section.3}% 20
\BOOKMARK [2][-]{subsection.3.6}{\376\377\000g\000e\000p\000l\000a\000n\000t\000e\000\040\000E\000r\000w\000e\000i\000t\000e\000r\000u\000n\000g\000e\000n}{section.3}% 21
\BOOKMARK [2][-]{subsection.3.7}{\376\377\000R\000e\000f\000l\000e\000x\000i\000o\000n}{section.3}% 22
\BOOKMARK [1][-]{section.4}{\376\377\000L\000C\000-\000V\000i\000s\000i\000o\000n}{}% 23
